mode: set
jadwaldokter/features/jadwal/services/services.go:16.49,20.2 1 1
jadwaldokter/features/jadwal/services/services.go:23.92,25.16 2 1
jadwaldokter/features/jadwal/services/services.go:29.2,29.17 1 1
jadwaldokter/features/jadwal/services/services.go:25.16,27.3 1 1
jadwaldokter/features/jadwal/services/services.go:33.75,35.35 2 1
jadwaldokter/features/jadwal/services/services.go:42.2,42.17 1 1
jadwaldokter/features/jadwal/services/services.go:35.35,38.3 2 1
jadwaldokter/features/jadwal/services/services.go:38.8,38.23 1 1
jadwaldokter/features/jadwal/services/services.go:38.23,41.3 2 1
jadwaldokter/features/jadwal/services/services.go:46.78,48.35 2 1
jadwaldokter/features/jadwal/services/services.go:61.2,61.17 1 1
jadwaldokter/features/jadwal/services/services.go:48.35,51.3 2 1
jadwaldokter/features/jadwal/services/services.go:51.8,51.23 1 1
jadwaldokter/features/jadwal/services/services.go:51.23,54.3 2 1
jadwaldokter/features/poli/services/services.go:17.49,21.2 1 1
jadwaldokter/features/poli/services/services.go:24.82,26.16 2 1
jadwaldokter/features/poli/services/services.go:33.2,33.17 1 1
jadwaldokter/features/poli/services/services.go:26.16,27.49 1 1
jadwaldokter/features/poli/services/services.go:31.3,31.67 1 1
jadwaldokter/features/poli/services/services.go:27.49,29.4 1 1
jadwaldokter/features/poli/services/services.go:37.69,39.35 2 1
jadwaldokter/features/poli/services/services.go:46.2,46.17 1 1
jadwaldokter/features/poli/services/services.go:39.35,42.3 2 1
jadwaldokter/features/poli/services/services.go:42.8,42.23 1 1
jadwaldokter/features/poli/services/services.go:42.23,45.3 2 1
jadwaldokter/features/poli/services/services.go:50.64,52.35 2 1
jadwaldokter/features/poli/services/services.go:65.2,65.17 1 1
jadwaldokter/features/poli/services/services.go:52.35,55.3 2 1
jadwaldokter/features/poli/services/services.go:55.8,55.23 1 1
jadwaldokter/features/poli/services/services.go:55.23,58.3 2 1
jadwaldokter/features/poli/services/services.go:69.97,71.16 2 1
jadwaldokter/features/poli/services/services.go:75.2,75.17 1 1
jadwaldokter/features/poli/services/services.go:71.16,73.3 1 1
jadwaldokter/features/dokter/services/services.go:16.49,20.2 1 1
jadwaldokter/features/dokter/services/services.go:23.90,25.16 2 1
jadwaldokter/features/dokter/services/services.go:29.2,29.17 1 1
jadwaldokter/features/dokter/services/services.go:25.16,27.3 1 1
jadwaldokter/features/dokter/services/services.go:33.75,35.35 2 1
jadwaldokter/features/dokter/services/services.go:42.2,42.17 1 1
jadwaldokter/features/dokter/services/services.go:35.35,38.3 2 1
jadwaldokter/features/dokter/services/services.go:38.8,38.23 1 1
jadwaldokter/features/dokter/services/services.go:38.23,41.3 2 1
jadwaldokter/features/dokter/services/services.go:46.67,48.35 2 1
jadwaldokter/features/dokter/services/services.go:56.2,56.17 1 1
jadwaldokter/features/dokter/services/services.go:48.35,51.3 2 1
jadwaldokter/features/dokter/services/services.go:51.8,51.23 1 1
jadwaldokter/features/dokter/services/services.go:51.23,54.3 2 1
